<?xml version="1.0" encoding="UTF-8"?>
<!-- Generated by org.testng.reporters.JUnitReportReporter -->
<testsuite skipped="0" hostname="GIFTECH-L-062" name="com.qa.test.BrokenLinkConcept" tests="1" failures="0" timestamp="2023-06-30T17:17:17 IST" time="79.789" errors="0">
  <testcase name="findBrokenLink" time="79.789" classname="com.qa.test.BrokenLinkConcept"/>
  <system-out/>
</testsuite> <!-- com.qa.test.BrokenLinkConcept -->
